{"total": {"lines":{"total":127,"covered":48,"skipped":0,"pct":37.79},"statements":{"total":143,"covered":50,"skipped":0,"pct":34.96},"functions":{"total":25,"covered":7,"skipped":0,"pct":28},"branches":{"total":10,"covered":4,"skipped":0,"pct":40},"branchesTrue":{"total":0,"covered":0,"skipped":0,"pct":100}}
,"/home/arthur/Documents/Projects/Athenas 4.0/Athenas/src/app.module.ts": {"lines":{"total":7,"covered":0,"skipped":0,"pct":0},"functions":{"total":1,"covered":0,"skipped":0,"pct":0},"statements":{"total":9,"covered":0,"skipped":0,"pct":0},"branches":{"total":0,"covered":0,"skipped":0,"pct":100}}
,"/home/arthur/Documents/Projects/Athenas 4.0/Athenas/src/main.ts": {"lines":{"total":5,"covered":0,"skipped":0,"pct":0},"functions":{"total":1,"covered":0,"skipped":0,"pct":0},"statements":{"total":5,"covered":0,"skipped":0,"pct":0},"branches":{"total":0,"covered":0,"skipped":0,"pct":100}}
,"/home/arthur/Documents/Projects/Athenas 4.0/Athenas/src/config/mongoose.config.ts": {"lines":{"total":3,"covered":0,"skipped":0,"pct":0},"functions":{"total":1,"covered":0,"skipped":0,"pct":0},"statements":{"total":3,"covered":0,"skipped":0,"pct":0},"branches":{"total":0,"covered":0,"skipped":0,"pct":100}}
,"/home/arthur/Documents/Projects/Athenas 4.0/Athenas/src/prisma/prisma.module.ts": {"lines":{"total":3,"covered":0,"skipped":0,"pct":0},"functions":{"total":0,"covered":0,"skipped":0,"pct":100},"statements":{"total":5,"covered":0,"skipped":0,"pct":0},"branches":{"total":0,"covered":0,"skipped":0,"pct":100}}
,"/home/arthur/Documents/Projects/Athenas 4.0/Athenas/src/prisma/prisma.service.ts": {"lines":{"total":5,"covered":0,"skipped":0,"pct":0},"functions":{"total":2,"covered":0,"skipped":0,"pct":0},"statements":{"total":7,"covered":0,"skipped":0,"pct":0},"branches":{"total":0,"covered":0,"skipped":0,"pct":100}}
,"/home/arthur/Documents/Projects/Athenas 4.0/Athenas/src/whatsapp/whatsapp.controller.ts": {"lines":{"total":10,"covered":0,"skipped":0,"pct":0},"functions":{"total":3,"covered":0,"skipped":0,"pct":0},"statements":{"total":12,"covered":0,"skipped":0,"pct":0},"branches":{"total":0,"covered":0,"skipped":0,"pct":100}}
,"/home/arthur/Documents/Projects/Athenas 4.0/Athenas/src/whatsapp/whatsapp.module.ts": {"lines":{"total":6,"covered":0,"skipped":0,"pct":0},"functions":{"total":0,"covered":0,"skipped":0,"pct":100},"statements":{"total":8,"covered":0,"skipped":0,"pct":0},"branches":{"total":0,"covered":0,"skipped":0,"pct":100}}
,"/home/arthur/Documents/Projects/Athenas 4.0/Athenas/src/whatsapp/whatsapp.service.ts": {"lines":{"total":76,"covered":48,"skipped":0,"pct":63.15},"functions":{"total":17,"covered":7,"skipped":0,"pct":41.17},"statements":{"total":80,"covered":50,"skipped":0,"pct":62.5},"branches":{"total":10,"covered":4,"skipped":0,"pct":40}}
,"/home/arthur/Documents/Projects/Athenas 4.0/Athenas/src/whatsapp/dto/send-message.dto.ts": {"lines":{"total":5,"covered":0,"skipped":0,"pct":0},"functions":{"total":0,"covered":0,"skipped":0,"pct":100},"statements":{"total":5,"covered":0,"skipped":0,"pct":0},"branches":{"total":0,"covered":0,"skipped":0,"pct":100}}
,"/home/arthur/Documents/Projects/Athenas 4.0/Athenas/src/whatsapp/dto/start-session.dto.ts": {"lines":{"total":1,"covered":0,"skipped":0,"pct":0},"functions":{"total":0,"covered":0,"skipped":0,"pct":100},"statements":{"total":1,"covered":0,"skipped":0,"pct":0},"branches":{"total":0,"covered":0,"skipped":0,"pct":100}}
,"/home/arthur/Documents/Projects/Athenas 4.0/Athenas/src/whatsapp/schemas/session.schema.ts": {"lines":{"total":6,"covered":0,"skipped":0,"pct":0},"functions":{"total":0,"covered":0,"skipped":0,"pct":100},"statements":{"total":8,"covered":0,"skipped":0,"pct":0},"branches":{"total":0,"covered":0,"skipped":0,"pct":100}}
,"/home/arthur/Documents/Projects/Athenas 4.0/Athenas/src/whatsapp/types/qrcode-terminal.d.ts": {"lines":{"total":0,"covered":0,"skipped":0,"pct":0},"functions":{"total":0,"covered":0,"skipped":0,"pct":0},"statements":{"total":0,"covered":0,"skipped":0,"pct":0},"branches":{"total":0,"covered":0,"skipped":0,"pct":0}}
}
